<?xml version="1.0" encoding="UTF-8"?>
<testsuite xmlns:xsi="http://www.w3.org/2001/XMLSchema-instance" xsi:noNamespaceSchemaLocation="https://maven.apache.org/surefire/maven-surefire-plugin/xsd/surefire-test-report-3.0.xsd" version="3.0" name="com.brendanharan.mathmatchupbackend.GameTests" time="0.703" tests="1" errors="0" skipped="0" failures="0">
  <properties>
    <property name="java.specification.version" value="17"/>
    <property name="sun.jnu.encoding" value="UTF-8"/>
    <property name="java.class.path" value="/Users/brendan/StudioProjects/Null Safety/RIVERPOD-ENABLED-APPS/MathMatchup/MathMatchupBackend/target/test-classes:/Users/brendan/StudioProjects/Null Safety/RIVERPOD-ENABLED-APPS/MathMatchup/MathMatchupBackend/target/classes:/Users/brendan/.m2/repository/org/springframework/boot/spring-boot-starter-data-jpa/3.1.2/spring-boot-starter-data-jpa-3.1.2.jar:/Users/brendan/.m2/repository/org/springframework/boot/spring-boot-starter-aop/3.1.2/spring-boot-starter-aop-3.1.2.jar:/Users/brendan/.m2/repository/org/aspectj/aspectjweaver/1.9.19/aspectjweaver-1.9.19.jar:/Users/brendan/.m2/repository/org/springframework/boot/spring-boot-starter-jdbc/3.1.2/spring-boot-starter-jdbc-3.1.2.jar:/Users/brendan/.m2/repository/com/zaxxer/HikariCP/5.0.1/HikariCP-5.0.1.jar:/Users/brendan/.m2/repository/org/springframework/spring-jdbc/6.0.11/spring-jdbc-6.0.11.jar:/Users/brendan/.m2/repository/org/hibernate/orm/hibernate-core/6.2.6.Final/hibernate-core-6.2.6.Final.jar:/Users/brendan/.m2/repository/jakarta/persistence/jakarta.persistence-api/3.1.0/jakarta.persistence-api-3.1.0.jar:/Users/brendan/.m2/repository/jakarta/transaction/jakarta.transaction-api/2.0.1/jakarta.transaction-api-2.0.1.jar:/Users/brendan/.m2/repository/org/hibernate/common/hibernate-commons-annotations/6.0.6.Final/hibernate-commons-annotations-6.0.6.Final.jar:/Users/brendan/.m2/repository/io/smallrye/jandex/3.0.5/jandex-3.0.5.jar:/Users/brendan/.m2/repository/net/bytebuddy/byte-buddy/1.14.5/byte-buddy-1.14.5.jar:/Users/brendan/.m2/repository/org/glassfish/jaxb/jaxb-runtime/4.0.3/jaxb-runtime-4.0.3.jar:/Users/brendan/.m2/repository/org/glassfish/jaxb/jaxb-core/4.0.3/jaxb-core-4.0.3.jar:/Users/brendan/.m2/repository/org/eclipse/angus/angus-activation/2.0.1/angus-activation-2.0.1.jar:/Users/brendan/.m2/repository/org/glassfish/jaxb/txw2/4.0.3/txw2-4.0.3.jar:/Users/brendan/.m2/repository/com/sun/istack/istack-commons-runtime/4.1.2/istack-commons-runtime-4.1.2.jar:/Users/brendan/.m2/repository/jakarta/inject/jakarta.inject-api/2.0.1/jakarta.inject-api-2.0.1.jar:/Users/brendan/.m2/repository/org/antlr/antlr4-runtime/4.10.1/antlr4-runtime-4.10.1.jar:/Users/brendan/.m2/repository/org/springframework/data/spring-data-jpa/3.1.2/spring-data-jpa-3.1.2.jar:/Users/brendan/.m2/repository/org/springframework/data/spring-data-commons/3.1.2/spring-data-commons-3.1.2.jar:/Users/brendan/.m2/repository/org/springframework/spring-orm/6.0.11/spring-orm-6.0.11.jar:/Users/brendan/.m2/repository/org/springframework/spring-tx/6.0.11/spring-tx-6.0.11.jar:/Users/brendan/.m2/repository/jakarta/annotation/jakarta.annotation-api/2.1.1/jakarta.annotation-api-2.1.1.jar:/Users/brendan/.m2/repository/org/springframework/spring-aspects/6.0.11/spring-aspects-6.0.11.jar:/Users/brendan/.m2/repository/org/springframework/boot/spring-boot-starter-web/3.1.2/spring-boot-starter-web-3.1.2.jar:/Users/brendan/.m2/repository/org/springframework/boot/spring-boot-starter/3.1.2/spring-boot-starter-3.1.2.jar:/Users/brendan/.m2/repository/org/springframework/boot/spring-boot-starter-logging/3.1.2/spring-boot-starter-logging-3.1.2.jar:/Users/brendan/.m2/repository/ch/qos/logback/logback-classic/1.4.8/logback-classic-1.4.8.jar:/Users/brendan/.m2/repository/ch/qos/logback/logback-core/1.4.8/logback-core-1.4.8.jar:/Users/brendan/.m2/repository/org/apache/logging/log4j/log4j-to-slf4j/2.20.0/log4j-to-slf4j-2.20.0.jar:/Users/brendan/.m2/repository/org/apache/logging/log4j/log4j-api/2.20.0/log4j-api-2.20.0.jar:/Users/brendan/.m2/repository/org/slf4j/jul-to-slf4j/2.0.7/jul-to-slf4j-2.0.7.jar:/Users/brendan/.m2/repository/org/yaml/snakeyaml/1.33/snakeyaml-1.33.jar:/Users/brendan/.m2/repository/org/springframework/boot/spring-boot-starter-json/3.1.2/spring-boot-starter-json-3.1.2.jar:/Users/brendan/.m2/repository/com/fasterxml/jackson/core/jackson-databind/2.15.2/jackson-databind-2.15.2.jar:/Users/brendan/.m2/repository/com/fasterxml/jackson/core/jackson-annotations/2.15.2/jackson-annotations-2.15.2.jar:/Users/brendan/.m2/repository/com/fasterxml/jackson/datatype/jackson-datatype-jdk8/2.15.2/jackson-datatype-jdk8-2.15.2.jar:/Users/brendan/.m2/repository/com/fasterxml/jackson/datatype/jackson-datatype-jsr310/2.15.2/jackson-datatype-jsr310-2.15.2.jar:/Users/brendan/.m2/repository/com/fasterxml/jackson/module/jackson-module-parameter-names/2.15.2/jackson-module-parameter-names-2.15.2.jar:/Users/brendan/.m2/repository/org/springframework/boot/spring-boot-starter-tomcat/3.1.2/spring-boot-starter-tomcat-3.1.2.jar:/Users/brendan/.m2/repository/org/apache/tomcat/embed/tomcat-embed-core/10.1.11/tomcat-embed-core-10.1.11.jar:/Users/brendan/.m2/repository/org/apache/tomcat/embed/tomcat-embed-el/10.1.11/tomcat-embed-el-10.1.11.jar:/Users/brendan/.m2/repository/org/apache/tomcat/embed/tomcat-embed-websocket/10.1.11/tomcat-embed-websocket-10.1.11.jar:/Users/brendan/.m2/repository/org/springframework/spring-web/6.0.11/spring-web-6.0.11.jar:/Users/brendan/.m2/repository/io/micrometer/micrometer-observation/1.11.2/micrometer-observation-1.11.2.jar:/Users/brendan/.m2/repository/io/micrometer/micrometer-commons/1.11.2/micrometer-commons-1.11.2.jar:/Users/brendan/.m2/repository/org/springframework/spring-webmvc/6.0.11/spring-webmvc-6.0.11.jar:/Users/brendan/.m2/repository/org/springframework/boot/spring-boot-starter-security/3.1.2/spring-boot-starter-security-3.1.2.jar:/Users/brendan/.m2/repository/org/springframework/spring-aop/6.0.11/spring-aop-6.0.11.jar:/Users/brendan/.m2/repository/org/springframework/boot/spring-boot-devtools/3.1.2/spring-boot-devtools-3.1.2.jar:/Users/brendan/.m2/repository/org/springframework/boot/spring-boot/3.1.2/spring-boot-3.1.2.jar:/Users/brendan/.m2/repository/org/springframework/boot/spring-boot-autoconfigure/3.1.2/spring-boot-autoconfigure-3.1.2.jar:/Users/brendan/.m2/repository/org/postgresql/postgresql/42.6.0/postgresql-42.6.0.jar:/Users/brendan/.m2/repository/org/checkerframework/checker-qual/3.31.0/checker-qual-3.31.0.jar:/Users/brendan/.m2/repository/org/projectlombok/lombok/1.18.28/lombok-1.18.28.jar:/Users/brendan/.m2/repository/org/springframework/boot/spring-boot-starter-test/3.1.2/spring-boot-starter-test-3.1.2.jar:/Users/brendan/.m2/repository/org/springframework/boot/spring-boot-test/3.1.2/spring-boot-test-3.1.2.jar:/Users/brendan/.m2/repository/org/springframework/boot/spring-boot-test-autoconfigure/3.1.2/spring-boot-test-autoconfigure-3.1.2.jar:/Users/brendan/.m2/repository/com/jayway/jsonpath/json-path/2.8.0/json-path-2.8.0.jar:/Users/brendan/.m2/repository/jakarta/xml/bind/jakarta.xml.bind-api/4.0.0/jakarta.xml.bind-api-4.0.0.jar:/Users/brendan/.m2/repository/jakarta/activation/jakarta.activation-api/2.1.2/jakarta.activation-api-2.1.2.jar:/Users/brendan/.m2/repository/net/minidev/json-smart/2.4.11/json-smart-2.4.11.jar:/Users/brendan/.m2/repository/net/minidev/accessors-smart/2.4.11/accessors-smart-2.4.11.jar:/Users/brendan/.m2/repository/org/ow2/asm/asm/9.3/asm-9.3.jar:/Users/brendan/.m2/repository/org/assertj/assertj-core/3.24.2/assertj-core-3.24.2.jar:/Users/brendan/.m2/repository/org/hamcrest/hamcrest/2.2/hamcrest-2.2.jar:/Users/brendan/.m2/repository/org/junit/jupiter/junit-jupiter/5.9.3/junit-jupiter-5.9.3.jar:/Users/brendan/.m2/repository/org/junit/jupiter/junit-jupiter-api/5.9.3/junit-jupiter-api-5.9.3.jar:/Users/brendan/.m2/repository/org/junit/jupiter/junit-jupiter-params/5.9.3/junit-jupiter-params-5.9.3.jar:/Users/brendan/.m2/repository/org/junit/jupiter/junit-jupiter-engine/5.9.3/junit-jupiter-engine-5.9.3.jar:/Users/brendan/.m2/repository/org/mockito/mockito-core/5.3.1/mockito-core-5.3.1.jar:/Users/brendan/.m2/repository/net/bytebuddy/byte-buddy-agent/1.14.5/byte-buddy-agent-1.14.5.jar:/Users/brendan/.m2/repository/org/objenesis/objenesis/3.3/objenesis-3.3.jar:/Users/brendan/.m2/repository/org/mockito/mockito-junit-jupiter/5.3.1/mockito-junit-jupiter-5.3.1.jar:/Users/brendan/.m2/repository/org/skyscreamer/jsonassert/1.5.1/jsonassert-1.5.1.jar:/Users/brendan/.m2/repository/com/vaadin/external/google/android-json/0.0.20131108.vaadin1/android-json-0.0.20131108.vaadin1.jar:/Users/brendan/.m2/repository/org/springframework/spring-core/6.0.11/spring-core-6.0.11.jar:/Users/brendan/.m2/repository/org/springframework/spring-jcl/6.0.11/spring-jcl-6.0.11.jar:/Users/brendan/.m2/repository/org/springframework/spring-test/6.0.11/spring-test-6.0.11.jar:/Users/brendan/.m2/repository/org/xmlunit/xmlunit-core/2.9.1/xmlunit-core-2.9.1.jar:/Users/brendan/.m2/repository/org/springframework/restdocs/spring-restdocs-mockmvc/3.0.0/spring-restdocs-mockmvc-3.0.0.jar:/Users/brendan/.m2/repository/org/springframework/restdocs/spring-restdocs-core/3.0.0/spring-restdocs-core-3.0.0.jar:/Users/brendan/.m2/repository/jakarta/servlet/jakarta.servlet-api/6.0.0/jakarta.servlet-api-6.0.0.jar:/Users/brendan/.m2/repository/junit/junit/4.13.2/junit-4.13.2.jar:/Users/brendan/.m2/repository/org/hamcrest/hamcrest-core/2.2/hamcrest-core-2.2.jar:/Users/brendan/.m2/repository/com/opencsv/opencsv/5.9/opencsv-5.9.jar:/Users/brendan/.m2/repository/org/apache/commons/commons-lang3/3.12.0/commons-lang3-3.12.0.jar:/Users/brendan/.m2/repository/org/apache/commons/commons-text/1.11.0/commons-text-1.11.0.jar:/Users/brendan/.m2/repository/commons-beanutils/commons-beanutils/1.9.4/commons-beanutils-1.9.4.jar:/Users/brendan/.m2/repository/commons-logging/commons-logging/1.2/commons-logging-1.2.jar:/Users/brendan/.m2/repository/commons-collections/commons-collections/3.2.2/commons-collections-3.2.2.jar:/Users/brendan/.m2/repository/org/apache/commons/commons-collections4/4.4/commons-collections4-4.4.jar:/Users/brendan/.m2/repository/jakarta/validation/jakarta.validation-api/3.1.0/jakarta.validation-api-3.1.0.jar:/Users/brendan/.m2/repository/com/google/firebase/firebase-admin/9.3.0/firebase-admin-9.3.0.jar:/Users/brendan/.m2/repository/com/google/api-client/google-api-client/2.4.0/google-api-client-2.4.0.jar:/Users/brendan/.m2/repository/commons-codec/commons-codec/1.15/commons-codec-1.15.jar:/Users/brendan/.m2/repository/com/google/oauth-client/google-oauth-client/1.35.0/google-oauth-client-1.35.0.jar:/Users/brendan/.m2/repository/com/google/auth/google-auth-library-credentials/1.23.0/google-auth-library-credentials-1.23.0.jar:/Users/brendan/.m2/repository/com/google/http-client/google-http-client-gson/1.44.1/google-http-client-gson-1.44.1.jar:/Users/brendan/.m2/repository/com/google/http-client/google-http-client-apache-v2/1.44.1/google-http-client-apache-v2-1.44.1.jar:/Users/brendan/.m2/repository/org/apache/httpcomponents/httpcore/4.4.16/httpcore-4.4.16.jar:/Users/brendan/.m2/repository/org/apache/httpcomponents/httpclient/4.5.14/httpclient-4.5.14.jar:/Users/brendan/.m2/repository/com/google/api-client/google-api-client-gson/2.4.0/google-api-client-gson-2.4.0.jar:/Users/brendan/.m2/repository/com/google/http-client/google-http-client/1.44.1/google-http-client-1.44.1.jar:/Users/brendan/.m2/repository/com/google/code/findbugs/jsr305/3.0.2/jsr305-3.0.2.jar:/Users/brendan/.m2/repository/com/google/errorprone/error_prone_annotations/2.23.0/error_prone_annotations-2.23.0.jar:/Users/brendan/.m2/repository/com/google/j2objc/j2objc-annotations/2.8/j2objc-annotations-2.8.jar:/Users/brendan/.m2/repository/io/grpc/grpc-context/1.60.1/grpc-context-1.60.1.jar:/Users/brendan/.m2/repository/io/opencensus/opencensus-api/0.31.1/opencensus-api-0.31.1.jar:/Users/brendan/.m2/repository/io/opencensus/opencensus-contrib-http-util/0.31.1/opencensus-contrib-http-util-0.31.1.jar:/Users/brendan/.m2/repository/com/google/api/api-common/2.31.0/api-common-2.31.0.jar:/Users/brendan/.m2/repository/com/google/auto/value/auto-value-annotations/1.10.4/auto-value-annotations-1.10.4.jar:/Users/brendan/.m2/repository/javax/annotation/javax.annotation-api/1.3.2/javax.annotation-api-1.3.2.jar:/Users/brendan/.m2/repository/com/google/auth/google-auth-library-oauth2-http/1.23.0/google-auth-library-oauth2-http-1.23.0.jar:/Users/brendan/.m2/repository/com/google/cloud/google-cloud-storage/2.38.0/google-cloud-storage-2.38.0.jar:/Users/brendan/.m2/repository/com/google/guava/failureaccess/1.0.2/failureaccess-1.0.2.jar:/Users/brendan/.m2/repository/com/google/guava/listenablefuture/9999.0-empty-to-avoid-conflict-with-guava/listenablefuture-9999.0-empty-to-avoid-conflict-with-guava.jar:/Users/brendan/.m2/repository/com/google/http-client/google-http-client-jackson2/1.44.1/google-http-client-jackson2-1.44.1.jar:/Users/brendan/.m2/repository/com/google/apis/google-api-services-storage/v1-rev20240319-2.0.0/google-api-services-storage-v1-rev20240319-2.0.0.jar:/Users/brendan/.m2/repository/com/google/code/gson/gson/2.10.1/gson-2.10.1.jar:/Users/brendan/.m2/repository/com/google/cloud/google-cloud-core/2.38.0/google-cloud-core-2.38.0.jar:/Users/brendan/.m2/repository/com/google/cloud/google-cloud-core-http/2.38.0/google-cloud-core-http-2.38.0.jar:/Users/brendan/.m2/repository/com/google/http-client/google-http-client-appengine/1.44.1/google-http-client-appengine-1.44.1.jar:/Users/brendan/.m2/repository/com/google/api/gax-httpjson/2.48.0/gax-httpjson-2.48.0.jar:/Users/brendan/.m2/repository/com/google/cloud/google-cloud-core-grpc/2.38.0/google-cloud-core-grpc-2.38.0.jar:/Users/brendan/.m2/repository/com/google/api/gax/2.48.0/gax-2.48.0.jar:/Users/brendan/.m2/repository/com/google/api/gax-grpc/2.48.0/gax-grpc-2.48.0.jar:/Users/brendan/.m2/repository/io/grpc/grpc-inprocess/1.62.2/grpc-inprocess-1.62.2.jar:/Users/brendan/.m2/repository/io/grpc/grpc-alts/1.62.2/grpc-alts-1.62.2.jar:/Users/brendan/.m2/repository/io/grpc/grpc-grpclb/1.62.2/grpc-grpclb-1.62.2.jar:/Users/brendan/.m2/repository/org/conscrypt/conscrypt-openjdk-uber/2.5.2/conscrypt-openjdk-uber-2.5.2.jar:/Users/brendan/.m2/repository/io/grpc/grpc-auth/1.62.2/grpc-auth-1.62.2.jar:/Users/brendan/.m2/repository/com/google/api/grpc/proto-google-iam-v1/1.34.0/proto-google-iam-v1-1.34.0.jar:/Users/brendan/.m2/repository/com/google/protobuf/protobuf-java/3.25.3/protobuf-java-3.25.3.jar:/Users/brendan/.m2/repository/com/google/protobuf/protobuf-java-util/3.25.3/protobuf-java-util-3.25.3.jar:/Users/brendan/.m2/repository/io/grpc/grpc-core/1.62.2/grpc-core-1.62.2.jar:/Users/brendan/.m2/repository/com/google/android/annotations/4.1.1.4/annotations-4.1.1.4.jar:/Users/brendan/.m2/repository/org/codehaus/mojo/animal-sniffer-annotations/1.23/animal-sniffer-annotations-1.23.jar:/Users/brendan/.m2/repository/io/perfmark/perfmark-api/0.27.0/perfmark-api-0.27.0.jar:/Users/brendan/.m2/repository/io/grpc/grpc-protobuf/1.62.2/grpc-protobuf-1.62.2.jar:/Users/brendan/.m2/repository/io/grpc/grpc-protobuf-lite/1.62.2/grpc-protobuf-lite-1.62.2.jar:/Users/brendan/.m2/repository/com/google/api/grpc/proto-google-common-protos/2.39.0/proto-google-common-protos-2.39.0.jar:/Users/brendan/.m2/repository/org/threeten/threetenbp/1.6.9/threetenbp-1.6.9.jar:/Users/brendan/.m2/repository/com/google/api/grpc/proto-google-cloud-storage-v2/2.38.0-alpha/proto-google-cloud-storage-v2-2.38.0-alpha.jar:/Users/brendan/.m2/repository/com/google/api/grpc/grpc-google-cloud-storage-v2/2.38.0-alpha/grpc-google-cloud-storage-v2-2.38.0-alpha.jar:/Users/brendan/.m2/repository/com/google/api/grpc/gapic-google-cloud-storage-v2/2.38.0-alpha/gapic-google-cloud-storage-v2-2.38.0-alpha.jar:/Users/brendan/.m2/repository/com/fasterxml/jackson/core/jackson-core/2.15.2/jackson-core-2.15.2.jar:/Users/brendan/.m2/repository/io/grpc/grpc-api/1.62.2/grpc-api-1.62.2.jar:/Users/brendan/.m2/repository/io/grpc/grpc-netty-shaded/1.62.2/grpc-netty-shaded-1.62.2.jar:/Users/brendan/.m2/repository/io/grpc/grpc-util/1.62.2/grpc-util-1.62.2.jar:/Users/brendan/.m2/repository/io/grpc/grpc-stub/1.62.2/grpc-stub-1.62.2.jar:/Users/brendan/.m2/repository/io/grpc/grpc-googleapis/1.62.2/grpc-googleapis-1.62.2.jar:/Users/brendan/.m2/repository/io/grpc/grpc-xds/1.62.2/grpc-xds-1.62.2.jar:/Users/brendan/.m2/repository/io/opencensus/opencensus-proto/0.2.0/opencensus-proto-0.2.0.jar:/Users/brendan/.m2/repository/io/grpc/grpc-services/1.62.2/grpc-services-1.62.2.jar:/Users/brendan/.m2/repository/com/google/re2j/re2j/1.7/re2j-1.7.jar:/Users/brendan/.m2/repository/io/grpc/grpc-rls/1.62.2/grpc-rls-1.62.2.jar:/Users/brendan/.m2/repository/com/google/cloud/google-cloud-firestore/3.21.1/google-cloud-firestore-3.21.1.jar:/Users/brendan/.m2/repository/com/google/api/grpc/proto-google-cloud-firestore-v1/3.21.1/proto-google-cloud-firestore-v1-3.21.1.jar:/Users/brendan/.m2/repository/com/google/cloud/proto-google-cloud-firestore-bundle-v1/3.21.1/proto-google-cloud-firestore-bundle-v1-3.21.1.jar:/Users/brendan/.m2/repository/io/opencensus/opencensus-contrib-grpc-util/0.31.1/opencensus-contrib-grpc-util-0.31.1.jar:/Users/brendan/.m2/repository/com/google/guava/guava/33.1.0-jre/guava-33.1.0-jre.jar:/Users/brendan/.m2/repository/org/slf4j/slf4j-api/2.0.7/slf4j-api-2.0.7.jar:/Users/brendan/.m2/repository/io/netty/netty-codec-http/4.1.94.Final/netty-codec-http-4.1.94.Final.jar:/Users/brendan/.m2/repository/io/netty/netty-common/4.1.94.Final/netty-common-4.1.94.Final.jar:/Users/brendan/.m2/repository/io/netty/netty-buffer/4.1.94.Final/netty-buffer-4.1.94.Final.jar:/Users/brendan/.m2/repository/io/netty/netty-codec/4.1.94.Final/netty-codec-4.1.94.Final.jar:/Users/brendan/.m2/repository/io/netty/netty-handler/4.1.94.Final/netty-handler-4.1.94.Final.jar:/Users/brendan/.m2/repository/io/netty/netty-resolver/4.1.94.Final/netty-resolver-4.1.94.Final.jar:/Users/brendan/.m2/repository/io/netty/netty-transport-native-unix-common/4.1.94.Final/netty-transport-native-unix-common-4.1.94.Final.jar:/Users/brendan/.m2/repository/io/netty/netty-transport/4.1.94.Final/netty-transport-4.1.94.Final.jar:/Users/brendan/.m2/repository/org/hibernate/validator/hibernate-validator/9.0.0.Beta3/hibernate-validator-9.0.0.Beta3.jar:/Users/brendan/.m2/repository/org/jboss/logging/jboss-logging/3.5.3.Final/jboss-logging-3.5.3.Final.jar:/Users/brendan/.m2/repository/com/fasterxml/classmate/1.5.1/classmate-1.5.1.jar:/Users/brendan/.m2/repository/org/junit/vintage/junit-vintage-engine/5.9.3/junit-vintage-engine-5.9.3.jar:/Users/brendan/.m2/repository/org/junit/platform/junit-platform-engine/1.9.3/junit-platform-engine-1.9.3.jar:/Users/brendan/.m2/repository/org/opentest4j/opentest4j/1.2.0/opentest4j-1.2.0.jar:/Users/brendan/.m2/repository/org/junit/platform/junit-platform-commons/1.9.3/junit-platform-commons-1.9.3.jar:/Users/brendan/.m2/repository/org/apiguardian/apiguardian-api/1.1.2/apiguardian-api-1.1.2.jar:/Users/brendan/.m2/repository/org/springframework/security/spring-security-config/6.3.3/spring-security-config-6.3.3.jar:/Users/brendan/.m2/repository/org/springframework/security/spring-security-core/6.1.2/spring-security-core-6.1.2.jar:/Users/brendan/.m2/repository/org/springframework/security/spring-security-crypto/6.1.2/spring-security-crypto-6.1.2.jar:/Users/brendan/.m2/repository/org/springframework/spring-beans/6.0.11/spring-beans-6.0.11.jar:/Users/brendan/.m2/repository/org/springframework/spring-context/6.0.11/spring-context-6.0.11.jar:/Users/brendan/.m2/repository/org/springframework/security/spring-security-web/6.1.2/spring-security-web-6.1.2.jar:/Users/brendan/.m2/repository/org/springframework/spring-expression/6.0.11/spring-expression-6.0.11.jar:"/>
    <property name="java.vm.vendor" value="Oracle Corporation"/>
    <property name="sun.arch.data.model" value="64"/>
    <property name="java.vendor.url" value="https://java.oracle.com/"/>
    <property name="user.timezone" value="America/Chicago"/>
    <property name="os.name" value="Mac OS X"/>
    <property name="java.vm.specification.version" value="17"/>
    <property name="sun.java.launcher" value="SUN_STANDARD"/>
    <property name="user.country" value="US"/>
    <property name="sun.boot.library.path" value="/Library/Java/JavaVirtualMachines/jdk-17.jdk/Contents/Home/lib"/>
    <property name="sun.java.command" value="/Users/brendan/StudioProjects/Null Safety/RIVERPOD-ENABLED-APPS/MathMatchup/MathMatchupBackend/target/surefire/surefirebooter-20240905171045177_3.jar /Users/brendan/StudioProjects/Null Safety/RIVERPOD-ENABLED-APPS/MathMatchup/MathMatchupBackend/target/surefire 2024-09-05T17-10-45_135-jvmRun1 surefire-20240905171045177_1tmp surefire_0-20240905171045177_2tmp"/>
    <property name="http.nonProxyHosts" value="local|*.local|169.254/16|*.169.254/16"/>
    <property name="jdk.debug" value="release"/>
    <property name="surefire.test.class.path" value="/Users/brendan/StudioProjects/Null Safety/RIVERPOD-ENABLED-APPS/MathMatchup/MathMatchupBackend/target/test-classes:/Users/brendan/StudioProjects/Null Safety/RIVERPOD-ENABLED-APPS/MathMatchup/MathMatchupBackend/target/classes:/Users/brendan/.m2/repository/org/springframework/boot/spring-boot-starter-data-jpa/3.1.2/spring-boot-starter-data-jpa-3.1.2.jar:/Users/brendan/.m2/repository/org/springframework/boot/spring-boot-starter-aop/3.1.2/spring-boot-starter-aop-3.1.2.jar:/Users/brendan/.m2/repository/org/aspectj/aspectjweaver/1.9.19/aspectjweaver-1.9.19.jar:/Users/brendan/.m2/repository/org/springframework/boot/spring-boot-starter-jdbc/3.1.2/spring-boot-starter-jdbc-3.1.2.jar:/Users/brendan/.m2/repository/com/zaxxer/HikariCP/5.0.1/HikariCP-5.0.1.jar:/Users/brendan/.m2/repository/org/springframework/spring-jdbc/6.0.11/spring-jdbc-6.0.11.jar:/Users/brendan/.m2/repository/org/hibernate/orm/hibernate-core/6.2.6.Final/hibernate-core-6.2.6.Final.jar:/Users/brendan/.m2/repository/jakarta/persistence/jakarta.persistence-api/3.1.0/jakarta.persistence-api-3.1.0.jar:/Users/brendan/.m2/repository/jakarta/transaction/jakarta.transaction-api/2.0.1/jakarta.transaction-api-2.0.1.jar:/Users/brendan/.m2/repository/org/hibernate/common/hibernate-commons-annotations/6.0.6.Final/hibernate-commons-annotations-6.0.6.Final.jar:/Users/brendan/.m2/repository/io/smallrye/jandex/3.0.5/jandex-3.0.5.jar:/Users/brendan/.m2/repository/net/bytebuddy/byte-buddy/1.14.5/byte-buddy-1.14.5.jar:/Users/brendan/.m2/repository/org/glassfish/jaxb/jaxb-runtime/4.0.3/jaxb-runtime-4.0.3.jar:/Users/brendan/.m2/repository/org/glassfish/jaxb/jaxb-core/4.0.3/jaxb-core-4.0.3.jar:/Users/brendan/.m2/repository/org/eclipse/angus/angus-activation/2.0.1/angus-activation-2.0.1.jar:/Users/brendan/.m2/repository/org/glassfish/jaxb/txw2/4.0.3/txw2-4.0.3.jar:/Users/brendan/.m2/repository/com/sun/istack/istack-commons-runtime/4.1.2/istack-commons-runtime-4.1.2.jar:/Users/brendan/.m2/repository/jakarta/inject/jakarta.inject-api/2.0.1/jakarta.inject-api-2.0.1.jar:/Users/brendan/.m2/repository/org/antlr/antlr4-runtime/4.10.1/antlr4-runtime-4.10.1.jar:/Users/brendan/.m2/repository/org/springframework/data/spring-data-jpa/3.1.2/spring-data-jpa-3.1.2.jar:/Users/brendan/.m2/repository/org/springframework/data/spring-data-commons/3.1.2/spring-data-commons-3.1.2.jar:/Users/brendan/.m2/repository/org/springframework/spring-orm/6.0.11/spring-orm-6.0.11.jar:/Users/brendan/.m2/repository/org/springframework/spring-tx/6.0.11/spring-tx-6.0.11.jar:/Users/brendan/.m2/repository/jakarta/annotation/jakarta.annotation-api/2.1.1/jakarta.annotation-api-2.1.1.jar:/Users/brendan/.m2/repository/org/springframework/spring-aspects/6.0.11/spring-aspects-6.0.11.jar:/Users/brendan/.m2/repository/org/springframework/boot/spring-boot-starter-web/3.1.2/spring-boot-starter-web-3.1.2.jar:/Users/brendan/.m2/repository/org/springframework/boot/spring-boot-starter/3.1.2/spring-boot-starter-3.1.2.jar:/Users/brendan/.m2/repository/org/springframework/boot/spring-boot-starter-logging/3.1.2/spring-boot-starter-logging-3.1.2.jar:/Users/brendan/.m2/repository/ch/qos/logback/logback-classic/1.4.8/logback-classic-1.4.8.jar:/Users/brendan/.m2/repository/ch/qos/logback/logback-core/1.4.8/logback-core-1.4.8.jar:/Users/brendan/.m2/repository/org/apache/logging/log4j/log4j-to-slf4j/2.20.0/log4j-to-slf4j-2.20.0.jar:/Users/brendan/.m2/repository/org/apache/logging/log4j/log4j-api/2.20.0/log4j-api-2.20.0.jar:/Users/brendan/.m2/repository/org/slf4j/jul-to-slf4j/2.0.7/jul-to-slf4j-2.0.7.jar:/Users/brendan/.m2/repository/org/yaml/snakeyaml/1.33/snakeyaml-1.33.jar:/Users/brendan/.m2/repository/org/springframework/boot/spring-boot-starter-json/3.1.2/spring-boot-starter-json-3.1.2.jar:/Users/brendan/.m2/repository/com/fasterxml/jackson/core/jackson-databind/2.15.2/jackson-databind-2.15.2.jar:/Users/brendan/.m2/repository/com/fasterxml/jackson/core/jackson-annotations/2.15.2/jackson-annotations-2.15.2.jar:/Users/brendan/.m2/repository/com/fasterxml/jackson/datatype/jackson-datatype-jdk8/2.15.2/jackson-datatype-jdk8-2.15.2.jar:/Users/brendan/.m2/repository/com/fasterxml/jackson/datatype/jackson-datatype-jsr310/2.15.2/jackson-datatype-jsr310-2.15.2.jar:/Users/brendan/.m2/repository/com/fasterxml/jackson/module/jackson-module-parameter-names/2.15.2/jackson-module-parameter-names-2.15.2.jar:/Users/brendan/.m2/repository/org/springframework/boot/spring-boot-starter-tomcat/3.1.2/spring-boot-starter-tomcat-3.1.2.jar:/Users/brendan/.m2/repository/org/apache/tomcat/embed/tomcat-embed-core/10.1.11/tomcat-embed-core-10.1.11.jar:/Users/brendan/.m2/repository/org/apache/tomcat/embed/tomcat-embed-el/10.1.11/tomcat-embed-el-10.1.11.jar:/Users/brendan/.m2/repository/org/apache/tomcat/embed/tomcat-embed-websocket/10.1.11/tomcat-embed-websocket-10.1.11.jar:/Users/brendan/.m2/repository/org/springframework/spring-web/6.0.11/spring-web-6.0.11.jar:/Users/brendan/.m2/repository/io/micrometer/micrometer-observation/1.11.2/micrometer-observation-1.11.2.jar:/Users/brendan/.m2/repository/io/micrometer/micrometer-commons/1.11.2/micrometer-commons-1.11.2.jar:/Users/brendan/.m2/repository/org/springframework/spring-webmvc/6.0.11/spring-webmvc-6.0.11.jar:/Users/brendan/.m2/repository/org/springframework/boot/spring-boot-starter-security/3.1.2/spring-boot-starter-security-3.1.2.jar:/Users/brendan/.m2/repository/org/springframework/spring-aop/6.0.11/spring-aop-6.0.11.jar:/Users/brendan/.m2/repository/org/springframework/boot/spring-boot-devtools/3.1.2/spring-boot-devtools-3.1.2.jar:/Users/brendan/.m2/repository/org/springframework/boot/spring-boot/3.1.2/spring-boot-3.1.2.jar:/Users/brendan/.m2/repository/org/springframework/boot/spring-boot-autoconfigure/3.1.2/spring-boot-autoconfigure-3.1.2.jar:/Users/brendan/.m2/repository/org/postgresql/postgresql/42.6.0/postgresql-42.6.0.jar:/Users/brendan/.m2/repository/org/checkerframework/checker-qual/3.31.0/checker-qual-3.31.0.jar:/Users/brendan/.m2/repository/org/projectlombok/lombok/1.18.28/lombok-1.18.28.jar:/Users/brendan/.m2/repository/org/springframework/boot/spring-boot-starter-test/3.1.2/spring-boot-starter-test-3.1.2.jar:/Users/brendan/.m2/repository/org/springframework/boot/spring-boot-test/3.1.2/spring-boot-test-3.1.2.jar:/Users/brendan/.m2/repository/org/springframework/boot/spring-boot-test-autoconfigure/3.1.2/spring-boot-test-autoconfigure-3.1.2.jar:/Users/brendan/.m2/repository/com/jayway/jsonpath/json-path/2.8.0/json-path-2.8.0.jar:/Users/brendan/.m2/repository/jakarta/xml/bind/jakarta.xml.bind-api/4.0.0/jakarta.xml.bind-api-4.0.0.jar:/Users/brendan/.m2/repository/jakarta/activation/jakarta.activation-api/2.1.2/jakarta.activation-api-2.1.2.jar:/Users/brendan/.m2/repository/net/minidev/json-smart/2.4.11/json-smart-2.4.11.jar:/Users/brendan/.m2/repository/net/minidev/accessors-smart/2.4.11/accessors-smart-2.4.11.jar:/Users/brendan/.m2/repository/org/ow2/asm/asm/9.3/asm-9.3.jar:/Users/brendan/.m2/repository/org/assertj/assertj-core/3.24.2/assertj-core-3.24.2.jar:/Users/brendan/.m2/repository/org/hamcrest/hamcrest/2.2/hamcrest-2.2.jar:/Users/brendan/.m2/repository/org/junit/jupiter/junit-jupiter/5.9.3/junit-jupiter-5.9.3.jar:/Users/brendan/.m2/repository/org/junit/jupiter/junit-jupiter-api/5.9.3/junit-jupiter-api-5.9.3.jar:/Users/brendan/.m2/repository/org/junit/jupiter/junit-jupiter-params/5.9.3/junit-jupiter-params-5.9.3.jar:/Users/brendan/.m2/repository/org/junit/jupiter/junit-jupiter-engine/5.9.3/junit-jupiter-engine-5.9.3.jar:/Users/brendan/.m2/repository/org/mockito/mockito-core/5.3.1/mockito-core-5.3.1.jar:/Users/brendan/.m2/repository/net/bytebuddy/byte-buddy-agent/1.14.5/byte-buddy-agent-1.14.5.jar:/Users/brendan/.m2/repository/org/objenesis/objenesis/3.3/objenesis-3.3.jar:/Users/brendan/.m2/repository/org/mockito/mockito-junit-jupiter/5.3.1/mockito-junit-jupiter-5.3.1.jar:/Users/brendan/.m2/repository/org/skyscreamer/jsonassert/1.5.1/jsonassert-1.5.1.jar:/Users/brendan/.m2/repository/com/vaadin/external/google/android-json/0.0.20131108.vaadin1/android-json-0.0.20131108.vaadin1.jar:/Users/brendan/.m2/repository/org/springframework/spring-core/6.0.11/spring-core-6.0.11.jar:/Users/brendan/.m2/repository/org/springframework/spring-jcl/6.0.11/spring-jcl-6.0.11.jar:/Users/brendan/.m2/repository/org/springframework/spring-test/6.0.11/spring-test-6.0.11.jar:/Users/brendan/.m2/repository/org/xmlunit/xmlunit-core/2.9.1/xmlunit-core-2.9.1.jar:/Users/brendan/.m2/repository/org/springframework/restdocs/spring-restdocs-mockmvc/3.0.0/spring-restdocs-mockmvc-3.0.0.jar:/Users/brendan/.m2/repository/org/springframework/restdocs/spring-restdocs-core/3.0.0/spring-restdocs-core-3.0.0.jar:/Users/brendan/.m2/repository/jakarta/servlet/jakarta.servlet-api/6.0.0/jakarta.servlet-api-6.0.0.jar:/Users/brendan/.m2/repository/junit/junit/4.13.2/junit-4.13.2.jar:/Users/brendan/.m2/repository/org/hamcrest/hamcrest-core/2.2/hamcrest-core-2.2.jar:/Users/brendan/.m2/repository/com/opencsv/opencsv/5.9/opencsv-5.9.jar:/Users/brendan/.m2/repository/org/apache/commons/commons-lang3/3.12.0/commons-lang3-3.12.0.jar:/Users/brendan/.m2/repository/org/apache/commons/commons-text/1.11.0/commons-text-1.11.0.jar:/Users/brendan/.m2/repository/commons-beanutils/commons-beanutils/1.9.4/commons-beanutils-1.9.4.jar:/Users/brendan/.m2/repository/commons-logging/commons-logging/1.2/commons-logging-1.2.jar:/Users/brendan/.m2/repository/commons-collections/commons-collections/3.2.2/commons-collections-3.2.2.jar:/Users/brendan/.m2/repository/org/apache/commons/commons-collections4/4.4/commons-collections4-4.4.jar:/Users/brendan/.m2/repository/jakarta/validation/jakarta.validation-api/3.1.0/jakarta.validation-api-3.1.0.jar:/Users/brendan/.m2/repository/com/google/firebase/firebase-admin/9.3.0/firebase-admin-9.3.0.jar:/Users/brendan/.m2/repository/com/google/api-client/google-api-client/2.4.0/google-api-client-2.4.0.jar:/Users/brendan/.m2/repository/commons-codec/commons-codec/1.15/commons-codec-1.15.jar:/Users/brendan/.m2/repository/com/google/oauth-client/google-oauth-client/1.35.0/google-oauth-client-1.35.0.jar:/Users/brendan/.m2/repository/com/google/auth/google-auth-library-credentials/1.23.0/google-auth-library-credentials-1.23.0.jar:/Users/brendan/.m2/repository/com/google/http-client/google-http-client-gson/1.44.1/google-http-client-gson-1.44.1.jar:/Users/brendan/.m2/repository/com/google/http-client/google-http-client-apache-v2/1.44.1/google-http-client-apache-v2-1.44.1.jar:/Users/brendan/.m2/repository/org/apache/httpcomponents/httpcore/4.4.16/httpcore-4.4.16.jar:/Users/brendan/.m2/repository/org/apache/httpcomponents/httpclient/4.5.14/httpclient-4.5.14.jar:/Users/brendan/.m2/repository/com/google/api-client/google-api-client-gson/2.4.0/google-api-client-gson-2.4.0.jar:/Users/brendan/.m2/repository/com/google/http-client/google-http-client/1.44.1/google-http-client-1.44.1.jar:/Users/brendan/.m2/repository/com/google/code/findbugs/jsr305/3.0.2/jsr305-3.0.2.jar:/Users/brendan/.m2/repository/com/google/errorprone/error_prone_annotations/2.23.0/error_prone_annotations-2.23.0.jar:/Users/brendan/.m2/repository/com/google/j2objc/j2objc-annotations/2.8/j2objc-annotations-2.8.jar:/Users/brendan/.m2/repository/io/grpc/grpc-context/1.60.1/grpc-context-1.60.1.jar:/Users/brendan/.m2/repository/io/opencensus/opencensus-api/0.31.1/opencensus-api-0.31.1.jar:/Users/brendan/.m2/repository/io/opencensus/opencensus-contrib-http-util/0.31.1/opencensus-contrib-http-util-0.31.1.jar:/Users/brendan/.m2/repository/com/google/api/api-common/2.31.0/api-common-2.31.0.jar:/Users/brendan/.m2/repository/com/google/auto/value/auto-value-annotations/1.10.4/auto-value-annotations-1.10.4.jar:/Users/brendan/.m2/repository/javax/annotation/javax.annotation-api/1.3.2/javax.annotation-api-1.3.2.jar:/Users/brendan/.m2/repository/com/google/auth/google-auth-library-oauth2-http/1.23.0/google-auth-library-oauth2-http-1.23.0.jar:/Users/brendan/.m2/repository/com/google/cloud/google-cloud-storage/2.38.0/google-cloud-storage-2.38.0.jar:/Users/brendan/.m2/repository/com/google/guava/failureaccess/1.0.2/failureaccess-1.0.2.jar:/Users/brendan/.m2/repository/com/google/guava/listenablefuture/9999.0-empty-to-avoid-conflict-with-guava/listenablefuture-9999.0-empty-to-avoid-conflict-with-guava.jar:/Users/brendan/.m2/repository/com/google/http-client/google-http-client-jackson2/1.44.1/google-http-client-jackson2-1.44.1.jar:/Users/brendan/.m2/repository/com/google/apis/google-api-services-storage/v1-rev20240319-2.0.0/google-api-services-storage-v1-rev20240319-2.0.0.jar:/Users/brendan/.m2/repository/com/google/code/gson/gson/2.10.1/gson-2.10.1.jar:/Users/brendan/.m2/repository/com/google/cloud/google-cloud-core/2.38.0/google-cloud-core-2.38.0.jar:/Users/brendan/.m2/repository/com/google/cloud/google-cloud-core-http/2.38.0/google-cloud-core-http-2.38.0.jar:/Users/brendan/.m2/repository/com/google/http-client/google-http-client-appengine/1.44.1/google-http-client-appengine-1.44.1.jar:/Users/brendan/.m2/repository/com/google/api/gax-httpjson/2.48.0/gax-httpjson-2.48.0.jar:/Users/brendan/.m2/repository/com/google/cloud/google-cloud-core-grpc/2.38.0/google-cloud-core-grpc-2.38.0.jar:/Users/brendan/.m2/repository/com/google/api/gax/2.48.0/gax-2.48.0.jar:/Users/brendan/.m2/repository/com/google/api/gax-grpc/2.48.0/gax-grpc-2.48.0.jar:/Users/brendan/.m2/repository/io/grpc/grpc-inprocess/1.62.2/grpc-inprocess-1.62.2.jar:/Users/brendan/.m2/repository/io/grpc/grpc-alts/1.62.2/grpc-alts-1.62.2.jar:/Users/brendan/.m2/repository/io/grpc/grpc-grpclb/1.62.2/grpc-grpclb-1.62.2.jar:/Users/brendan/.m2/repository/org/conscrypt/conscrypt-openjdk-uber/2.5.2/conscrypt-openjdk-uber-2.5.2.jar:/Users/brendan/.m2/repository/io/grpc/grpc-auth/1.62.2/grpc-auth-1.62.2.jar:/Users/brendan/.m2/repository/com/google/api/grpc/proto-google-iam-v1/1.34.0/proto-google-iam-v1-1.34.0.jar:/Users/brendan/.m2/repository/com/google/protobuf/protobuf-java/3.25.3/protobuf-java-3.25.3.jar:/Users/brendan/.m2/repository/com/google/protobuf/protobuf-java-util/3.25.3/protobuf-java-util-3.25.3.jar:/Users/brendan/.m2/repository/io/grpc/grpc-core/1.62.2/grpc-core-1.62.2.jar:/Users/brendan/.m2/repository/com/google/android/annotations/4.1.1.4/annotations-4.1.1.4.jar:/Users/brendan/.m2/repository/org/codehaus/mojo/animal-sniffer-annotations/1.23/animal-sniffer-annotations-1.23.jar:/Users/brendan/.m2/repository/io/perfmark/perfmark-api/0.27.0/perfmark-api-0.27.0.jar:/Users/brendan/.m2/repository/io/grpc/grpc-protobuf/1.62.2/grpc-protobuf-1.62.2.jar:/Users/brendan/.m2/repository/io/grpc/grpc-protobuf-lite/1.62.2/grpc-protobuf-lite-1.62.2.jar:/Users/brendan/.m2/repository/com/google/api/grpc/proto-google-common-protos/2.39.0/proto-google-common-protos-2.39.0.jar:/Users/brendan/.m2/repository/org/threeten/threetenbp/1.6.9/threetenbp-1.6.9.jar:/Users/brendan/.m2/repository/com/google/api/grpc/proto-google-cloud-storage-v2/2.38.0-alpha/proto-google-cloud-storage-v2-2.38.0-alpha.jar:/Users/brendan/.m2/repository/com/google/api/grpc/grpc-google-cloud-storage-v2/2.38.0-alpha/grpc-google-cloud-storage-v2-2.38.0-alpha.jar:/Users/brendan/.m2/repository/com/google/api/grpc/gapic-google-cloud-storage-v2/2.38.0-alpha/gapic-google-cloud-storage-v2-2.38.0-alpha.jar:/Users/brendan/.m2/repository/com/fasterxml/jackson/core/jackson-core/2.15.2/jackson-core-2.15.2.jar:/Users/brendan/.m2/repository/io/grpc/grpc-api/1.62.2/grpc-api-1.62.2.jar:/Users/brendan/.m2/repository/io/grpc/grpc-netty-shaded/1.62.2/grpc-netty-shaded-1.62.2.jar:/Users/brendan/.m2/repository/io/grpc/grpc-util/1.62.2/grpc-util-1.62.2.jar:/Users/brendan/.m2/repository/io/grpc/grpc-stub/1.62.2/grpc-stub-1.62.2.jar:/Users/brendan/.m2/repository/io/grpc/grpc-googleapis/1.62.2/grpc-googleapis-1.62.2.jar:/Users/brendan/.m2/repository/io/grpc/grpc-xds/1.62.2/grpc-xds-1.62.2.jar:/Users/brendan/.m2/repository/io/opencensus/opencensus-proto/0.2.0/opencensus-proto-0.2.0.jar:/Users/brendan/.m2/repository/io/grpc/grpc-services/1.62.2/grpc-services-1.62.2.jar:/Users/brendan/.m2/repository/com/google/re2j/re2j/1.7/re2j-1.7.jar:/Users/brendan/.m2/repository/io/grpc/grpc-rls/1.62.2/grpc-rls-1.62.2.jar:/Users/brendan/.m2/repository/com/google/cloud/google-cloud-firestore/3.21.1/google-cloud-firestore-3.21.1.jar:/Users/brendan/.m2/repository/com/google/api/grpc/proto-google-cloud-firestore-v1/3.21.1/proto-google-cloud-firestore-v1-3.21.1.jar:/Users/brendan/.m2/repository/com/google/cloud/proto-google-cloud-firestore-bundle-v1/3.21.1/proto-google-cloud-firestore-bundle-v1-3.21.1.jar:/Users/brendan/.m2/repository/io/opencensus/opencensus-contrib-grpc-util/0.31.1/opencensus-contrib-grpc-util-0.31.1.jar:/Users/brendan/.m2/repository/com/google/guava/guava/33.1.0-jre/guava-33.1.0-jre.jar:/Users/brendan/.m2/repository/org/slf4j/slf4j-api/2.0.7/slf4j-api-2.0.7.jar:/Users/brendan/.m2/repository/io/netty/netty-codec-http/4.1.94.Final/netty-codec-http-4.1.94.Final.jar:/Users/brendan/.m2/repository/io/netty/netty-common/4.1.94.Final/netty-common-4.1.94.Final.jar:/Users/brendan/.m2/repository/io/netty/netty-buffer/4.1.94.Final/netty-buffer-4.1.94.Final.jar:/Users/brendan/.m2/repository/io/netty/netty-codec/4.1.94.Final/netty-codec-4.1.94.Final.jar:/Users/brendan/.m2/repository/io/netty/netty-handler/4.1.94.Final/netty-handler-4.1.94.Final.jar:/Users/brendan/.m2/repository/io/netty/netty-resolver/4.1.94.Final/netty-resolver-4.1.94.Final.jar:/Users/brendan/.m2/repository/io/netty/netty-transport-native-unix-common/4.1.94.Final/netty-transport-native-unix-common-4.1.94.Final.jar:/Users/brendan/.m2/repository/io/netty/netty-transport/4.1.94.Final/netty-transport-4.1.94.Final.jar:/Users/brendan/.m2/repository/org/hibernate/validator/hibernate-validator/9.0.0.Beta3/hibernate-validator-9.0.0.Beta3.jar:/Users/brendan/.m2/repository/org/jboss/logging/jboss-logging/3.5.3.Final/jboss-logging-3.5.3.Final.jar:/Users/brendan/.m2/repository/com/fasterxml/classmate/1.5.1/classmate-1.5.1.jar:/Users/brendan/.m2/repository/org/junit/vintage/junit-vintage-engine/5.9.3/junit-vintage-engine-5.9.3.jar:/Users/brendan/.m2/repository/org/junit/platform/junit-platform-engine/1.9.3/junit-platform-engine-1.9.3.jar:/Users/brendan/.m2/repository/org/opentest4j/opentest4j/1.2.0/opentest4j-1.2.0.jar:/Users/brendan/.m2/repository/org/junit/platform/junit-platform-commons/1.9.3/junit-platform-commons-1.9.3.jar:/Users/brendan/.m2/repository/org/apiguardian/apiguardian-api/1.1.2/apiguardian-api-1.1.2.jar:/Users/brendan/.m2/repository/org/springframework/security/spring-security-config/6.3.3/spring-security-config-6.3.3.jar:/Users/brendan/.m2/repository/org/springframework/security/spring-security-core/6.1.2/spring-security-core-6.1.2.jar:/Users/brendan/.m2/repository/org/springframework/security/spring-security-crypto/6.1.2/spring-security-crypto-6.1.2.jar:/Users/brendan/.m2/repository/org/springframework/spring-beans/6.0.11/spring-beans-6.0.11.jar:/Users/brendan/.m2/repository/org/springframework/spring-context/6.0.11/spring-context-6.0.11.jar:/Users/brendan/.m2/repository/org/springframework/security/spring-security-web/6.1.2/spring-security-web-6.1.2.jar:/Users/brendan/.m2/repository/org/springframework/spring-expression/6.0.11/spring-expression-6.0.11.jar:"/>
    <property name="sun.cpu.endian" value="little"/>
    <property name="user.home" value="/Users/brendan"/>
    <property name="user.language" value="en"/>
    <property name="java.specification.vendor" value="Oracle Corporation"/>
    <property name="java.version.date" value="2023-04-18"/>
    <property name="java.home" value="/Library/Java/JavaVirtualMachines/jdk-17.jdk/Contents/Home"/>
    <property name="file.separator" value="/"/>
    <property name="basedir" value="/Users/brendan/StudioProjects/Null Safety/RIVERPOD-ENABLED-APPS/MathMatchup/MathMatchupBackend"/>
    <property name="java.vm.compressedOopsMode" value="Zero based"/>
    <property name="line.separator" value="&#10;"/>
    <property name="java.specification.name" value="Java Platform API Specification"/>
    <property name="java.vm.specification.vendor" value="Oracle Corporation"/>
    <property name="surefire.real.class.path" value="/Users/brendan/StudioProjects/Null Safety/RIVERPOD-ENABLED-APPS/MathMatchup/MathMatchupBackend/target/surefire/surefirebooter-20240905171045177_3.jar"/>
    <property name="sun.management.compiler" value="HotSpot 64-Bit Tiered Compilers"/>
    <property name="ftp.nonProxyHosts" value="local|*.local|169.254/16|*.169.254/16"/>
    <property name="java.runtime.version" value="17.0.7+8-LTS-224"/>
    <property name="user.name" value="brendan"/>
    <property name="path.separator" value=":"/>
    <property name="os.version" value="14.6.1"/>
    <property name="java.runtime.name" value="Java(TM) SE Runtime Environment"/>
    <property name="file.encoding" value="UTF-8"/>
    <property name="java.vm.name" value="Java HotSpot(TM) 64-Bit Server VM"/>
    <property name="localRepository" value="/Users/brendan/.m2/repository"/>
    <property name="java.vendor.url.bug" value="https://bugreport.java.com/bugreport/"/>
    <property name="java.io.tmpdir" value="/var/folders/49/ly7qhyns0blccvmwsmc2zbv00000gn/T/"/>
    <property name="java.version" value="17.0.7"/>
    <property name="user.dir" value="/Users/brendan/StudioProjects/Null Safety/RIVERPOD-ENABLED-APPS/MathMatchup/MathMatchupBackend"/>
    <property name="os.arch" value="aarch64"/>
    <property name="java.vm.specification.name" value="Java Virtual Machine Specification"/>
    <property name="native.encoding" value="UTF-8"/>
    <property name="java.library.path" value="/Users/brendan/Library/Java/Extensions:/Library/Java/Extensions:/Network/Library/Java/Extensions:/System/Library/Java/Extensions:/usr/lib/java:."/>
    <property name="java.vm.info" value="mixed mode, sharing"/>
    <property name="java.vendor" value="Oracle Corporation"/>
    <property name="java.vm.version" value="17.0.7+8-LTS-224"/>
    <property name="sun.io.unicode.encoding" value="UnicodeBig"/>
    <property name="socksNonProxyHosts" value="local|*.local|169.254/16|*.169.254/16"/>
    <property name="java.class.version" value="61.0"/>
  </properties>
  <testcase name="testCreateGame" classname="com.brendanharan.mathmatchupbackend.GameTests" time="0.225"/>
</testsuite>